Arguments: 
  /usr/bin/node /usr/bin/yarn install

PATH: 
  /usr/local/bin:/usr/bin:/bin:/usr/local/sbin:/usr/bin/site_perl:/usr/bin/vendor_perl:/usr/bin/core_perl:/home/jesus/.local/share/JetBrains/Toolbox/scripts:/home/jesus/WebstormProjects/Ynov-Architecture-Marketplace/node_modules/.bin

Yarn version: 
  1.22.19

Node version: 
  21.2.0

Platform: 
  linux x64

Trace: 
  SyntaxError: /home/jesus/WebstormProjects/Ynov-Architecture-Marketplace/api-gateway/package.json: Expected ',' or '}' after property value in JSON at position 231 (line 9 column 21)
      at JSON.parse (<anonymous>)
      at /usr/lib/node_modules/yarn/lib/cli.js:1629:59
      at Generator.next (<anonymous>)
      at step (/usr/lib/node_modules/yarn/lib/cli.js:310:30)
      at /usr/lib/node_modules/yarn/lib/cli.js:321:13

npm manifest: 
  {
    "name": "api-gateway",
    "version": "1.0.0",
    "description": "Api Gateway",
    "main": "index.js",
    "scripts": {
      "start": "node src/index.js",
      "test": "echo \"Error: no test specified\" && exit 1",
      "dev": "nodedev": "nodemon src/index.js"mon src/index.js"
    },
    "author": "",
    "license": "ISC",
    "dependencies": {
      "axios": "^1.6.2",
      "cors": "^2.8.5",
      "dotenv": "^16.3.1",
      "express": "^4.18.2",
      "http-errors": "^2.0.0",
      "http-proxy-middleware": "^2.0.6",
      "morgan": "^1.10.0",
      "passport": "^0.6.0",
      "passport-http-bearer": "^1.0.1",
      "passport-jwt": "^4.0.1"
    },
    "devDependencies": {
      "nodemon": "^3.0.1"
    }
  }

yarn manifest: 
  No manifest

Lockfile: 
  No lockfile
